g:\workspace\2017-10-09\seetafaceengine\facedetection\examples\facedetection\release\vc141.pdb
g:\workspace\2017-10-09\seetafaceengine\facedetection\examples\facedetection\release\nms.obj
g:\workspace\2017-10-09\seetafaceengine\facedetection\examples\facedetection\release\image_pyramid.obj
g:\workspace\2017-10-09\seetafaceengine\facedetection\examples\facedetection\release\surf_mlp_model_reader.obj
g:\workspace\2017-10-09\seetafaceengine\facedetection\examples\facedetection\release\lab_boost_model_reader.obj
g:\workspace\2017-10-09\seetafaceengine\facedetection\examples\facedetection\release\fust.obj
g:\workspace\2017-10-09\seetafaceengine\facedetection\examples\facedetection\release\surf_feature_map.obj
g:\workspace\2017-10-09\seetafaceengine\facedetection\examples\facedetection\release\lab_feature_map.obj
g:\workspace\2017-10-09\seetafaceengine\facedetection\examples\facedetection\release\face_detection.obj
g:\workspace\2017-10-09\seetafaceengine\facedetection\examples\facedetection\release\surf_mlp.obj
g:\workspace\2017-10-09\seetafaceengine\facedetection\examples\facedetection\release\mlp.obj
g:\workspace\2017-10-09\seetafaceengine\facedetection\examples\facedetection\release\lab_boosted_classifier.obj
g:\workspace\2017-10-09\seetafaceengine\nseetaface\release\facedetection.lib
g:\workspace\2017-10-09\seetafaceengine\nseetaface\release\facedetection.exp
g:\workspace\2017-10-09\seetafaceengine\nseetaface\release\facedetection.ipdb
g:\workspace\2017-10-09\seetafaceengine\nseetaface\release\facedetection.iobj
g:\workspace\2017-10-09\seetafaceengine\nseetaface\release\facedetection.dll
g:\workspace\2017-10-09\seetafaceengine\nseetaface\release\facedetection.pdb
g:\workspace\2017-10-09\seetafaceengine\facedetection\examples\facedetection\release\facedetection.tlog\cl.command.1.tlog
g:\workspace\2017-10-09\seetafaceengine\facedetection\examples\facedetection\release\facedetection.tlog\cl.read.1.tlog
g:\workspace\2017-10-09\seetafaceengine\facedetection\examples\facedetection\release\facedetection.tlog\cl.write.1.tlog
g:\workspace\2017-10-09\seetafaceengine\facedetection\examples\facedetection\release\facedetection.tlog\facedetection.write.1u.tlog
g:\workspace\2017-10-09\seetafaceengine\facedetection\examples\facedetection\release\facedetection.tlog\link.command.1.tlog
g:\workspace\2017-10-09\seetafaceengine\facedetection\examples\facedetection\release\facedetection.tlog\link.read.1.tlog
g:\workspace\2017-10-09\seetafaceengine\facedetection\examples\facedetection\release\facedetection.tlog\link.write.1.tlog
