g:\workspace\2017-10-09\seetafaceengine\facedetection\examples\facedetection\debug\vc141.pdb
g:\workspace\2017-10-09\seetafaceengine\facedetection\examples\facedetection\debug\vc141.idb
g:\workspace\2017-10-09\seetafaceengine\facedetection\examples\facedetection\debug\lab_boosted_classifier.obj
g:\workspace\2017-10-09\seetafaceengine\facedetection\examples\facedetection\debug\mlp.obj
g:\workspace\2017-10-09\seetafaceengine\facedetection\examples\facedetection\debug\surf_mlp.obj
g:\workspace\2017-10-09\seetafaceengine\facedetection\examples\facedetection\debug\face_detection.obj
g:\workspace\2017-10-09\seetafaceengine\facedetection\examples\facedetection\debug\lab_feature_map.obj
g:\workspace\2017-10-09\seetafaceengine\facedetection\examples\facedetection\debug\surf_feature_map.obj
g:\workspace\2017-10-09\seetafaceengine\facedetection\examples\facedetection\debug\fust.obj
g:\workspace\2017-10-09\seetafaceengine\facedetection\examples\facedetection\debug\lab_boost_model_reader.obj
g:\workspace\2017-10-09\seetafaceengine\facedetection\examples\facedetection\debug\surf_mlp_model_reader.obj
g:\workspace\2017-10-09\seetafaceengine\facedetection\examples\facedetection\debug\image_pyramid.obj
g:\workspace\2017-10-09\seetafaceengine\facedetection\examples\facedetection\debug\nms.obj
g:\workspace\2017-10-09\seetafaceengine\nseetaface\debug\facedetection.lib
g:\workspace\2017-10-09\seetafaceengine\nseetaface\debug\facedetection.exp
g:\workspace\2017-10-09\seetafaceengine\nseetaface\debug\facedetection.dll
g:\workspace\2017-10-09\seetafaceengine\nseetaface\debug\facedetection.ilk
g:\workspace\2017-10-09\seetafaceengine\nseetaface\debug\facedetection.pdb
g:\workspace\2017-10-09\seetafaceengine\facedetection\examples\facedetection\debug\facedetection.tlog\cl.command.1.tlog
g:\workspace\2017-10-09\seetafaceengine\facedetection\examples\facedetection\debug\facedetection.tlog\cl.read.1.tlog
g:\workspace\2017-10-09\seetafaceengine\facedetection\examples\facedetection\debug\facedetection.tlog\cl.write.1.tlog
g:\workspace\2017-10-09\seetafaceengine\facedetection\examples\facedetection\debug\facedetection.tlog\facedetection.write.1u.tlog
g:\workspace\2017-10-09\seetafaceengine\facedetection\examples\facedetection\debug\facedetection.tlog\link.command.1.tlog
g:\workspace\2017-10-09\seetafaceengine\facedetection\examples\facedetection\debug\facedetection.tlog\link.read.1.tlog
g:\workspace\2017-10-09\seetafaceengine\facedetection\examples\facedetection\debug\facedetection.tlog\link.write.1.tlog
